<?xml version="1.0" encoding="UTF-8"?>
<!-- Generated by org.testng.reporters.JUnitReportReporter -->
<testsuite hostname="LAPTOP-HAE9HTFI" name="parallelTest.CrossBrowserScript" tests="2" failures="0" timestamp="31 Aug 2019 22:01:29 GMT" time="5.260" errors="0">
  <testcase name="testParameterWithXML" time="1.436" classname="parallelTest.CrossBrowserScript"/>
  <testcase name="testParameterWithXML" time="3.824" classname="parallelTest.CrossBrowserScript"/>
</testsuite> <!-- parallelTest.CrossBrowserScript -->
